Started GET "/" for ::1 at 2017-01-16 17:55:55 -0800
Processing by Rails::WelcomeController#index as HTML
  Parameters: {"internal"=>true}
  Rendering /Users/emilykaseberg/.rvm/gems/ruby-2.3.3/gems/railties-5.0.1/lib/rails/templates/rails/welcome/index.html.erb
  Rendered /Users/emilykaseberg/.rvm/gems/ruby-2.3.3/gems/railties-5.0.1/lib/rails/templates/rails/welcome/index.html.erb (6.5ms)
Completed 200 OK in 59ms (Views: 14.5ms | ActiveRecord: 0.0ms)


Started GET "/static_pages/index" for ::1 at 2017-01-16 17:58:18 -0800
Processing by StaticPagesController#index as HTML
  Rendering static_pages/index.html.erb within layouts/application
  Rendered static_pages/index.html.erb within layouts/application (3.7ms)
Completed 200 OK in 963ms (Views: 927.0ms | ActiveRecord: 0.0ms)


Started GET "/" for ::1 at 2017-01-16 17:58:25 -0800
Processing by Rails::WelcomeController#index as HTML
  Parameters: {"internal"=>true}
  Rendering /Users/emilykaseberg/.rvm/gems/ruby-2.3.3/gems/railties-5.0.1/lib/rails/templates/rails/welcome/index.html.erb
  Rendered /Users/emilykaseberg/.rvm/gems/ruby-2.3.3/gems/railties-5.0.1/lib/rails/templates/rails/welcome/index.html.erb (4.6ms)
Completed 200 OK in 13ms (Views: 9.7ms | ActiveRecord: 0.0ms)


Started GET "/" for ::1 at 2017-01-16 18:04:25 -0800
Processing by StaticPagesController#index as HTML
  Rendering static_pages/index.html.erb within layouts/application
  Rendered static_pages/index.html.erb within layouts/application (1.3ms)
Completed 200 OK in 91ms (Views: 87.4ms | ActiveRecord: 0.0ms)


Started GET "/" for ::1 at 2017-01-16 18:07:26 -0800
Processing by StaticPagesController#index as HTML
  Rendering static_pages/index.html.erb within layouts/application
  Rendered static_pages/index.html.erb within layouts/application (0.8ms)
Completed 200 OK in 48ms (Views: 44.9ms | ActiveRecord: 0.0ms)


Started GET "/" for ::1 at 2017-01-16 18:07:34 -0800
Processing by StaticPagesController#index as HTML
  Rendering static_pages/index.html.erb within layouts/application
  Rendered static_pages/index.html.erb within layouts/application (0.6ms)
Completed 200 OK in 43ms (Views: 39.5ms | ActiveRecord: 0.0ms)


Started GET "/" for ::1 at 2017-01-16 18:12:10 -0800
Processing by StaticPagesController#index as HTML
  Rendering static_pages/index.html.erb within layouts/application
  Rendered static_pages/index.html.erb within layouts/application (0.7ms)
Completed 200 OK in 78ms (Views: 75.8ms | ActiveRecord: 0.0ms)


Started GET "/" for ::1 at 2017-01-16 18:12:49 -0800
Processing by StaticPagesController#index as HTML
  Rendering static_pages/index.html.erb within layouts/application
  Rendered static_pages/index.html.erb within layouts/application (0.6ms)
Completed 200 OK in 21ms (Views: 19.1ms | ActiveRecord: 0.0ms)


Started GET "/" for ::1 at 2017-01-16 18:12:58 -0800
Processing by StaticPagesController#index as HTML
  Rendering static_pages/index.html.erb within layouts/application
  Rendered static_pages/index.html.erb within layouts/application (0.5ms)
Completed 200 OK in 33ms (Views: 31.2ms | ActiveRecord: 0.0ms)


Started GET "/" for ::1 at 2017-01-16 18:13:16 -0800
Processing by StaticPagesController#index as HTML
  Rendering static_pages/index.html.erb within layouts/application
  Rendered static_pages/index.html.erb within layouts/application (0.4ms)
Completed 200 OK in 22ms (Views: 20.5ms | ActiveRecord: 0.0ms)


Started GET "/" for ::1 at 2017-01-16 18:13:41 -0800
Processing by StaticPagesController#index as HTML
  Rendering static_pages/index.html.erb within layouts/application
  Rendered static_pages/index.html.erb within layouts/application (0.4ms)
Completed 200 OK in 23ms (Views: 21.5ms | ActiveRecord: 0.0ms)


Started GET "/" for ::1 at 2017-01-16 18:14:31 -0800
Processing by StaticPagesController#index as HTML
  Rendering static_pages/index.html.erb within layouts/application
  Rendered static_pages/index.html.erb within layouts/application (0.6ms)
Completed 200 OK in 27ms (Views: 25.0ms | ActiveRecord: 0.0ms)


Started GET "/" for ::1 at 2017-01-16 18:15:00 -0800
Processing by StaticPagesController#index as HTML
  Rendering static_pages/index.html.erb within layouts/application
  Rendered static_pages/index.html.erb within layouts/application (0.6ms)
Completed 200 OK in 43ms (Views: 38.9ms | ActiveRecord: 0.0ms)


Started GET "/" for ::1 at 2017-01-16 18:15:08 -0800
Processing by StaticPagesController#index as HTML
  Rendering static_pages/index.html.erb within layouts/application
  Rendered static_pages/index.html.erb within layouts/application (0.7ms)
Completed 200 OK in 29ms (Views: 27.4ms | ActiveRecord: 0.0ms)


Started GET "/static_pages/contact" for ::1 at 2017-01-16 18:17:25 -0800
Processing by StaticPagesController#contact as HTML
  Rendering static_pages/contact.html.erb within layouts/application
  Rendered static_pages/contact.html.erb within layouts/application (0.4ms)
Completed 200 OK in 33ms (Views: 30.8ms | ActiveRecord: 0.0ms)


Started GET "/static_pages/about" for ::1 at 2017-01-16 18:17:28 -0800
Processing by StaticPagesController#about as HTML
  Rendering static_pages/about.html.erb within layouts/application
  Rendered static_pages/about.html.erb within layouts/application (0.5ms)
Completed 200 OK in 32ms (Views: 29.6ms | ActiveRecord: 0.0ms)


Started GET "/" for ::1 at 2017-01-16 18:22:04 -0800
Processing by StaticPagesController#index as HTML
  Rendering static_pages/index.html.erb within layouts/application
  Rendered static_pages/index.html.erb within layouts/application (0.6ms)
Completed 200 OK in 41ms (Views: 32.5ms | ActiveRecord: 0.0ms)


Started GET "/static_pages/about" for ::1 at 2017-01-16 18:22:07 -0800
Processing by StaticPagesController#about as HTML
  Rendering static_pages/about.html.erb within layouts/application
  Rendered static_pages/about.html.erb within layouts/application (0.6ms)
Completed 200 OK in 29ms (Views: 27.4ms | ActiveRecord: 0.0ms)


Started GET "/static_pages/about" for ::1 at 2017-01-16 18:22:55 -0800
Processing by StaticPagesController#about as HTML
  Rendering static_pages/about.html.erb within layouts/application
  Rendered static_pages/about.html.erb within layouts/application (0.5ms)
Completed 200 OK in 35ms (Views: 32.6ms | ActiveRecord: 0.0ms)


Started GET "/static_pages/about" for ::1 at 2017-01-16 18:23:41 -0800
Processing by StaticPagesController#about as HTML
  Rendering static_pages/about.html.erb within layouts/application
  Rendered static_pages/about.html.erb within layouts/application (0.6ms)
Completed 200 OK in 40ms (Views: 37.1ms | ActiveRecord: 0.0ms)


Started GET "/static_pages/contact" for ::1 at 2017-01-16 18:23:44 -0800
Processing by StaticPagesController#contact as HTML
  Rendering static_pages/contact.html.erb within layouts/application
  Rendered static_pages/contact.html.erb within layouts/application (0.5ms)
Completed 200 OK in 38ms (Views: 35.4ms | ActiveRecord: 0.0ms)


Started GET "/static_pages/about" for ::1 at 2017-01-16 18:25:38 -0800
Processing by StaticPagesController#about as HTML
  Rendering static_pages/about.html.erb within layouts/application
  Rendered static_pages/about.html.erb within layouts/application (0.5ms)
Completed 200 OK in 23ms (Views: 20.8ms | ActiveRecord: 0.0ms)


